<?xml version="1.0" encoding="UTF-8"?>
<testsuites name="atoum testsuite">
  <testsuite name="SubscribersList" package="Calendar\tests\units" tests="10" failures="1" errors="4" skipped="0" time="0.019581317901611">
    <testcase name="testEmptyInit" time="0.0032851696014404" classname="Calendar\tests\units\SubscribersList" assertions="0"/>
    <testcase name="testNoSubChoice" time="0.0019800662994385" classname="Calendar\tests\units\SubscribersList" assertions="3">
      <error type="2"><![CDATA[Missing argument 1 for Calendar\SubscribersList::chooseOne(), called in D:\m2test2\Test\Vendor\Calendar\Calendar.php on line 47 and defined]]></error>
    </testcase>
    <testcase name="testPopulatedChoice" time="0.0050230026245117" classname="Calendar\tests\units\SubscribersList" assertions="1">
      <error type="2"><![CDATA[Missing argument 1 for Calendar\SubscribersList::chooseOne(), called in D:\m2test2\Test\Vendor\Calendar\Calendar.php on line 56 and defined]]></error>
    </testcase>
    <testcase name="testAddSubscribers" time="0.0048019886016846" classname="Calendar\tests\units\SubscribersList" assertions="2"/>
    <testcase name="testAddMultipleSubs" time="0.0044910907745361" classname="Calendar\tests\units\SubscribersList" assertions="2"/>
    <testcase name="testMultiplePersonChoice" time="0" classname="Calendar\tests\units\SubscribersList" assertions="2">
      <error type="2"><![CDATA[Missing argument 1 for Calendar\SubscribersList::chooseOne(), called in D:\m2test2\Test\Vendor\Calendar\Calendar.php on line 72 and defined]]></error>
      <error type="8"><![CDATA[Undefined variable: day]]></error>
      <failure type="Failure" message="object()"><![CDATA[object(mock\DAO\Personne) is not identical to object(mock\DAO\Personne)
-Expected
+Actual
@@ -1 +1 @@
-object(mock\DAO\Personne)#82 (0) {
}
+object(mock\DAO\Personne)#76 (0) {
}]]></failure>
    </testcase>
  </testsuite>
  <testsuite name="DAO" package="DAO\tests\units" tests="6" failures="1" errors="4" skipped="0" time="0.012295007705688">
    <testcase name="testRequestConnexion" time="0.012295007705688" classname="DAO\tests\units\DAO" assertions="0"/>
    <testcase name="testAddPersonne" time="0" classname="DAO\tests\units\DAO" assertions="1">
      <error type="UNKNOWN"><![CDATA[Fatal error: Uncaught Error: Class 'DAO\tests\units\generationPersonne' not found in D:\m2test2\Test\Vendor\DAO\TestDao.php:35
Stack trace:
#0 phar://D:/m2test2/applis/atoum/atoum.phar/1/classes/test.php(1363): DAO\tests\units\DAO->testAddPersonne()
#1 -(1): mageekguy\atoum\test->runTestMethod('testAddPersonne')
#2 {main}
  thrown in D:\m2test2\Test\Vendor\DAO\TestDao.php on line 35]]></error>
      <error type="255"><![CDATA[ Tables supprimées  Table personne créé 
 Table calendrier créé 
 Table calendrier créé 
]]></error>
    </testcase>
    <testcase name="testUserExistant" time="0" classname="DAO\tests\units\DAO" assertions="0">
      <error type="UNKNOWN"><![CDATA[Fatal error: Uncaught Error: Class 'DAO\tests\units\Personne' not found in D:\m2test2\Test\Vendor\DAO\TestDao.php:52
Stack trace:
#0 phar://D:/m2test2/applis/atoum/atoum.phar/1/classes/test.php(1363): DAO\tests\units\DAO->testUserExistant()
#1 -(1): mageekguy\atoum\test->runTestMethod('testUserExistan...')
#2 {main}
  thrown in D:\m2test2\Test\Vendor\DAO\TestDao.php on line 52]]></error>
      <error type="255"><![CDATA[ Tables supprimées  Table personne créé 
 Table calendrier créé 
 Table calendrier créé 
]]></error>
    </testcase>
    <testcase name="testDropTables" time="0" classname="DAO\tests\units\DAO" assertions="2">
      <failure type="Failure" message="integer()"><![CDATA[array(2) is not an integer]]></failure>
    </testcase>
  </testsuite>
  <testsuite name="Mail" package="Mailing\tests\units" tests="5" failures="0" errors="0" skipped="0" time="0.010886669158936">
    <testcase name="testConstruct" time="0.0020909309387207" classname="Mailing\tests\units\Mail" assertions="0"/>
    <testcase name="testGetSetSender" time="0.0025599002838135" classname="Mailing\tests\units\Mail" assertions="8"/>
    <testcase name="testGetSetRecipient" time="0.0021100044250488" classname="Mailing\tests\units\Mail" assertions="2"/>
    <testcase name="testGetSetSubject" time="0.0020208358764648" classname="Mailing\tests\units\Mail" assertions="2"/>
    <testcase name="testGetSetBody" time="0.0021049976348877" classname="Mailing\tests\units\Mail" assertions="2"/>
  </testsuite>
  <testsuite name="MailSender" package="Mailing\tests\units" tests="1" failures="0" errors="0" skipped="0" time="1.8119812011719E-5">
    <testcase name="testSendMail" time="1.8119812011719E-5" classname="Mailing\tests\units\MailSender" assertions="0"/>
  </testsuite>
</testsuites>
