<?xml version="1.0" encoding="UTF-8"?>
<testsuites name="atoum testsuite">
  <testsuite name="SubscribersList" package="Vendor\Calendar\test\units" tests="7" failures="0" errors="0" skipped="0" time="0.041484355926514">
    <testcase name="testEmptyInit" time="0.0057070255279541" classname="Vendor\Calendar\test\units\SubscribersList" assertions="0"/>
    <testcase name="testNoSubChoice" time="0.0017380714416504" classname="Vendor\Calendar\test\units\SubscribersList" assertions="3"/>
    <testcase name="testPopulatedChoice" time="0.0055789947509766" classname="Vendor\Calendar\test\units\SubscribersList" assertions="1"/>
    <testcase name="testMultiplePersonChoice" time="0.007047176361084" classname="Vendor\Calendar\test\units\SubscribersList" assertions="2"/>
    <testcase name="testAddSubscribers" time="0.0066051483154297" classname="Vendor\Calendar\test\units\SubscribersList" assertions="4"/>
    <testcase name="testAddMultipleSubs" time="0.0081069469451904" classname="Vendor\Calendar\test\units\SubscribersList" assertions="2"/>
    <testcase name="testWithUndisponiblePersons" time="0.0067009925842285" classname="Vendor\Calendar\test\units\SubscribersList" assertions="2"/>
  </testsuite>
  <testsuite name="DAO" package="Vendor\DAO\tests\units" tests="6" failures="0" errors="0" skipped="0" time="1.2311320304871">
    <testcase name="testRequestConnexion" time="0.027493000030518" classname="Vendor\DAO\tests\units\DAO" assertions="0"/>
    <testcase name="testCreationTables" time="0.25596690177917" classname="Vendor\DAO\tests\units\DAO" assertions="2"/>
    <testcase name="testAddPersonne" time="0.24988508224487" classname="Vendor\DAO\tests\units\DAO" assertions="4"/>
    <testcase name="testGetPersonne" time="0.19435715675354" classname="Vendor\DAO\tests\units\DAO" assertions="2"/>
    <testcase name="testUserExistant" time="0.26518201828003" classname="Vendor\DAO\tests\units\DAO" assertions="4"/>
    <testcase name="testUpdatePersonne" time="0.23824787139893" classname="Vendor\DAO\tests\units\DAO" assertions="3"/>
  </testsuite>
  <testsuite name="Auth" package="Vendor\Gestion\test\units" tests="6" failures="0" errors="0" skipped="0" time="0.09498119354248">
    <testcase name="testCreateSession" time="0.0028910636901855" classname="Vendor\Gestion\test\units\Auth" assertions="0"/>
    <testcase name="testIsLogged" time="0.017898082733154" classname="Vendor\Gestion\test\units\Auth" assertions="4"/>
    <testcase name="testLogout" time="0.0057449340820312" classname="Vendor\Gestion\test\units\Auth" assertions="1"/>
    <testcase name="testConnectionOK" time="0.027387142181396" classname="Vendor\Gestion\test\units\Auth" assertions="1"/>
    <testcase name="testConectionKO" time="0.021472930908203" classname="Vendor\Gestion\test\units\Auth" assertions="1"/>
    <testcase name="testConnectionInjection" time="0.01958703994751" classname="Vendor\Gestion\test\units\Auth" assertions="1"/>
  </testsuite>
  <testsuite name="Registration" package="Vendor\Gestion\test\units" tests="2" failures="0" errors="0" skipped="0" time="0.026859045028687">
    <testcase name="testRegistration" time="1.5020370483398E-5" classname="Vendor\Gestion\test\units\Registration" assertions="0"/>
    <testcase name="testUsernameNotUsed" time="0.026844024658203" classname="Vendor\Gestion\test\units\Registration" assertions="0"/>
  </testsuite>
  <testsuite name="Mail" package="Vendor\Mailing\tests\units" tests="4" failures="0" errors="0" skipped="0" time="0.0091948509216309">
    <testcase name="testConstruct" time="0.0028510093688965" classname="Vendor\Mailing\tests\units\Mail" assertions="0"/>
    <testcase name="testGetRecipients" time="0.002385139465332" classname="Vendor\Mailing\tests\units\Mail" assertions="6"/>
    <testcase name="testGetSetSubject" time="0.0020067691802979" classname="Vendor\Mailing\tests\units\Mail" assertions="2"/>
    <testcase name="testGetSetBody" time="0.0019519329071045" classname="Vendor\Mailing\tests\units\Mail" assertions="2"/>
  </testsuite>
  <testsuite name="MailSender" package="Vendor\Mailing\tests\units" tests="2" failures="0" errors="0" skipped="0" time="0.95808696746826">
    <testcase name="testBadSender" time="0.48842597007751" classname="Vendor\Mailing\tests\units\MailSender" assertions="0"/>
    <testcase name="testBadCredentials" time="0.46966099739075" classname="Vendor\Mailing\tests\units\MailSender" assertions="2"/>
  </testsuite>
</testsuites>
