<?xml version="1.0" encoding="UTF-8"?>
<testsuites name="atoum testsuite">
  <testsuite name="SubscribersList" package="Calendar\tests\units" tests="10" failures="1" errors="4" skipped="0" time="0.033046722412109">
    <testcase name="testEmptyInit" time="0.0034618377685547" classname="Calendar\tests\units\SubscribersList" assertions="0"/>
    <testcase name="testNoSubChoice" time="0.0021548271179199" classname="Calendar\tests\units\SubscribersList" assertions="3">
      <error type="2"><![CDATA[Missing argument 1 for Calendar\SubscribersList::chooseOne(), called in D:\m2test2\Test\Vendor\Calendar\Calendar.php on line 47 and defined]]></error>
    </testcase>
    <testcase name="testPopulatedChoice" time="0.013890981674194" classname="Calendar\tests\units\SubscribersList" assertions="1">
      <error type="2"><![CDATA[Missing argument 1 for Calendar\SubscribersList::chooseOne(), called in D:\m2test2\Test\Vendor\Calendar\Calendar.php on line 56 and defined]]></error>
    </testcase>
    <testcase name="testAddSubscribers" time="0.0071671009063721" classname="Calendar\tests\units\SubscribersList" assertions="2"/>
    <testcase name="testAddMultipleSubs" time="0.0063719749450684" classname="Calendar\tests\units\SubscribersList" assertions="2"/>
    <testcase name="testMultiplePersonChoice" time="0" classname="Calendar\tests\units\SubscribersList" assertions="2">
      <error type="2"><![CDATA[Missing argument 1 for Calendar\SubscribersList::chooseOne(), called in D:\m2test2\Test\Vendor\Calendar\Calendar.php on line 72 and defined]]></error>
      <error type="8"><![CDATA[Undefined variable: day]]></error>
      <failure type="Failure" message="object()"><![CDATA[object(mock\DAO\Personne) is not identical to object(mock\DAO\Personne)
-Expected
+Actual
@@ -1 +1 @@
-object(mock\DAO\Personne)#82 (0) {
}
+object(mock\DAO\Personne)#76 (0) {
}]]></failure>
    </testcase>
  </testsuite>
  <testsuite name="Mail" package="Mailing\tests\units" tests="5" failures="0" errors="0" skipped="0" time="0.019531965255737">
    <testcase name="testConstruct" time="0.0087339878082275" classname="Mailing\tests\units\Mail" assertions="0"/>
    <testcase name="testGetSetSender" time="0.002669095993042" classname="Mailing\tests\units\Mail" assertions="8"/>
    <testcase name="testGetSetRecipient" time="0.0027210712432861" classname="Mailing\tests\units\Mail" assertions="2"/>
    <testcase name="testGetSetSubject" time="0.0026459693908691" classname="Mailing\tests\units\Mail" assertions="2"/>
    <testcase name="testGetSetBody" time="0.0027618408203125" classname="Mailing\tests\units\Mail" assertions="2"/>
  </testsuite>
  <testsuite name="MailSender" package="Mailing\tests\units" tests="1" failures="0" errors="0" skipped="0" time="2.3126602172852E-5">
    <testcase name="testSendMail" time="2.3126602172852E-5" classname="Mailing\tests\units\MailSender" assertions="0"/>
  </testsuite>
  <testsuite name="DAO" package="DAO\tests\units" tests="1" failures="0" errors="1" skipped="0" time="0">
    <testcase name="testRequestConnexion" time="0" classname="DAO\tests\units\DAO" assertions="0">
      <error type="256"><![CDATA[Tested class 'DAO\DAO' does not exist for test class 'DAO\tests\units\DAO']]></error>
    </testcase>
  </testsuite>
</testsuites>
