<?xml version="1.0" encoding="UTF-8"?>
<testsuites name="atoum testsuite">
  <testsuite name="SubscribersList" package="Vendor\Calendar\test\units" tests="9" failures="0" errors="6" skipped="0" time="0.016937971115112">
    <testcase name="testEmptyInit" time="0.0083839893341064" classname="Vendor\Calendar\test\units\SubscribersList" assertions="0"/>
    <testcase name="testAddSubscribers" time="0.0049319267272949" classname="Vendor\Calendar\test\units\SubscribersList" assertions="3"/>
    <testcase name="testAddMultipleSubs" time="0.0036220550537109" classname="Vendor\Calendar\test\units\SubscribersList" assertions="0"/>
    <testcase name="testNoSubChoice" time="0" classname="Vendor\Calendar\test\units\SubscribersList" assertions="2">
      <error type="Fatal error"><![CDATA[Uncaught ArgumentCountError: Too few arguments to function Vendor\Calendar\SubscribersList::chooseOne(), 0 passed]]></error>
      <error type="255"><![CDATA[]]></error>
    </testcase>
    <testcase name="testPopulatedChoice" time="0" classname="Vendor\Calendar\test\units\SubscribersList" assertions="0">
      <error type="Fatal error"><![CDATA[Uncaught ArgumentCountError: Too few arguments to function Vendor\Calendar\SubscribersList::chooseOne(), 0 passed]]></error>
      <error type="255"><![CDATA[]]></error>
    </testcase>
    <testcase name="testMultiplePersonChoice" time="0" classname="Vendor\Calendar\test\units\SubscribersList" assertions="2">
      <error type="Fatal error"><![CDATA[Uncaught ArgumentCountError: Too few arguments to function Vendor\Calendar\SubscribersList::chooseOne(), 0 passed]]></error>
      <error type="255"><![CDATA[]]></error>
    </testcase>
  </testsuite>
  <testsuite name="DAO" package="DAO\tests\units" tests="1" failures="0" errors="1" skipped="0" time="0">
    <testcase name="testConnexion" time="0" classname="DAO\tests\units\DAO" assertions="0">
      <error type="256"><![CDATA[Tested class 'DAO\DAO' does not exist for test class 'DAO\tests\units\DAO']]></error>
    </testcase>
  </testsuite>
  <testsuite name="Mail" package="Mailing\tests\units" tests="5" failures="0" errors="5" skipped="0" time="0">
    <testcase name="testConstruct" time="0" classname="Mailing\tests\units\Mail" assertions="0">
      <error type="256"><![CDATA[Tested class 'Mailing\Mail' does not exist for test class 'Mailing\tests\units\Mail']]></error>
    </testcase>
    <testcase name="testGetSetRecipient" time="0" classname="Mailing\tests\units\Mail" assertions="0">
      <error type="256"><![CDATA[Tested class 'Mailing\Mail' does not exist for test class 'Mailing\tests\units\Mail']]></error>
    </testcase>
    <testcase name="testGetSetSubject" time="0" classname="Mailing\tests\units\Mail" assertions="0">
      <error type="256"><![CDATA[Tested class 'Mailing\Mail' does not exist for test class 'Mailing\tests\units\Mail']]></error>
    </testcase>
    <testcase name="testGetSetSender" time="0" classname="Mailing\tests\units\Mail" assertions="0">
      <error type="256"><![CDATA[Tested class 'Mailing\Mail' does not exist for test class 'Mailing\tests\units\Mail']]></error>
    </testcase>
    <testcase name="testGetSetBody" time="0" classname="Mailing\tests\units\Mail" assertions="0">
      <error type="256"><![CDATA[Tested class 'Mailing\Mail' does not exist for test class 'Mailing\tests\units\Mail']]></error>
    </testcase>
  </testsuite>
  <testsuite name="MailSender" package="Mailing\tests\units" tests="1" failures="0" errors="1" skipped="0" time="0">
    <testcase name="testSendMail" time="0" classname="Mailing\tests\units\MailSender" assertions="0">
      <error type="256"><![CDATA[Tested class 'Mailing\MailSender' does not exist for test class 'Mailing\tests\units\MailSender']]></error>
    </testcase>
  </testsuite>
</testsuites>
