<?xml version="1.0" encoding="UTF-8"?>
<testsuites name="atoum testsuite">
  <testsuite name="SubscribersList" package="Calendar\tests\units" tests="6" failures="0" errors="0" skipped="0" time="0.032986164093018">
    <testcase name="testEmptyInit" time="0.002788782119751" classname="Calendar\tests\units\SubscribersList" assertions="0"/>
    <testcase name="testNoSubChoice" time="0.0018458366394043" classname="Calendar\tests\units\SubscribersList" assertions="3"/>
    <testcase name="testPopulatedChoice" time="0.010913133621216" classname="Calendar\tests\units\SubscribersList" assertions="1"/>
    <testcase name="testMultiplePersonChoice" time="0.0083620548248291" classname="Calendar\tests\units\SubscribersList" assertions="2"/>
    <testcase name="testAddSubscribers" time="0.0046241283416748" classname="Calendar\tests\units\SubscribersList" assertions="4"/>
    <testcase name="testAddMultipleSubs" time="0.0044522285461426" classname="Calendar\tests\units\SubscribersList" assertions="2"/>
  </testsuite>
  <testsuite name="DAO" package="DAO\tests\units" tests="3" failures="0" errors="2" skipped="0" time="0.03025484085083">
    <testcase name="testRequestConnexion" time="0.03025484085083" classname="DAO\tests\units\DAO" assertions="0"/>
    <testcase name="testDropTables" time="0" classname="DAO\tests\units\DAO" assertions="2">
      <error type="UNKNOWN"><![CDATA[Fatal error: Uncaught Error: Call to undefined function DAO\tests\units\float() in D:\m2test2\Test\Vendor\DAO\TestDao.php:25
Stack trace:
#0 phar://D:/m2test2/applis/atoum/atoum.phar/1/classes/test.php(1363): DAO\tests\units\DAO->testDropTables()
#1 -(1): mageekguy\atoum\test->runTestMethod('testDropTables')
#2 {main}
  thrown in D:\m2test2\Test\Vendor\DAO\TestDao.php on line 25]]></error>
      <error type="255"><![CDATA[ Tables supprimées ]]></error>
    </testcase>
  </testsuite>
  <testsuite name="Mail" package="Mailing\tests\units" tests="5" failures="0" errors="0" skipped="0" time="0.010439157485962">
    <testcase name="testConstruct" time="0.0020999908447266" classname="Mailing\tests\units\Mail" assertions="0"/>
    <testcase name="testGetSetSender" time="0.0020110607147217" classname="Mailing\tests\units\Mail" assertions="8"/>
    <testcase name="testGetSetRecipient" time="0.0018470287322998" classname="Mailing\tests\units\Mail" assertions="2"/>
    <testcase name="testGetSetSubject" time="0.0023980140686035" classname="Mailing\tests\units\Mail" assertions="2"/>
    <testcase name="testGetSetBody" time="0.0020830631256104" classname="Mailing\tests\units\Mail" assertions="2"/>
  </testsuite>
  <testsuite name="MailSender" package="Mailing\tests\units" tests="1" failures="0" errors="0" skipped="0" time="1.9073486328125E-5">
    <testcase name="testSendMail" time="1.9073486328125E-5" classname="Mailing\tests\units\MailSender" assertions="0"/>
  </testsuite>
</testsuites>
