<?xml version="1.0" encoding="UTF-8"?>
<testsuites name="atoum testsuite">
  <testsuite name="SubscribersList" package="Calendar\tests\units" tests="6" failures="0" errors="0" skipped="0" time="0.032372951507568">
    <testcase name="testNoSubChoice" time="0.0015449523925781" classname="Calendar\tests\units\SubscribersList" assertions="0"/>
    <testcase name="testAddMultipleSubs" time="0.0050868988037109" classname="Calendar\tests\units\SubscribersList" assertions="1"/>
    <testcase name="testEmptyInit" time="0.0028629302978516" classname="Calendar\tests\units\SubscribersList" assertions="2"/>
    <testcase name="testPopulatedChoice" time="0.0099978446960449" classname="Calendar\tests\units\SubscribersList" assertions="3"/>
    <testcase name="testAddSubscribers" time="0.0069351196289062" classname="Calendar\tests\units\SubscribersList" assertions="2"/>
    <testcase name="testMultiplePersonChoice" time="0.0059452056884766" classname="Calendar\tests\units\SubscribersList" assertions="2"/>
  </testsuite>
  <testsuite name="Mail" package="Mailing\tests\units" tests="5" failures="0" errors="0" skipped="0" time="0.011148929595947">
    <testcase name="testConstruct" time="0.0021870136260986" classname="Mailing\tests\units\Mail" assertions="0"/>
    <testcase name="testGetSetBody" time="0.0020759105682373" classname="Mailing\tests\units\Mail" assertions="8"/>
    <testcase name="testGetSetSender" time="0.0027680397033691" classname="Mailing\tests\units\Mail" assertions="2"/>
    <testcase name="testGetSetSubject" time="0.0021021366119385" classname="Mailing\tests\units\Mail" assertions="2"/>
    <testcase name="testGetSetRecipient" time="0.0020158290863037" classname="Mailing\tests\units\Mail" assertions="2"/>
  </testsuite>
  <testsuite name="MailSender" package="Mailing\tests\units" tests="1" failures="0" errors="0" skipped="0" time="3.0994415283203E-5">
    <testcase name="testSendMail" time="3.0994415283203E-5" classname="Mailing\tests\units\MailSender" assertions="0"/>
  </testsuite>
  <testsuite name="DAO" package="DAO\tests\units" tests="2" failures="0" errors="2" skipped="0" time="0">
    <testcase name="testConnexion" time="0" classname="DAO\tests\units\DAO" assertions="0">
      <error type="UNKNOWN"><![CDATA[Fatal error: Uncaught Error: Class 'DAO\PDO' not found in /home/baptiste/Documents/M2/TF/m2test2/Source/Vendor/DAO/DAO.php:30
Stack trace:
#0 /home/baptiste/Documents/M2/TF/m2test2/Source/Vendor/DAO/DAO.php(12): DAO\DAO->requestConnexion()
#1 /home/baptiste/Documents/M2/TF/m2test2/Test/Vendor/DAO/TestDao.php(12): DAO\DAO->__construct()
#2 phar:///home/baptiste/Documents/M2/TF/m2test2/applis/atoum/atoum.phar/1/classes/test.php(1363): DAO\tests\units\DAO->testConnexion()
#3 Standard input code(1): mageekguy\atoum\test->runTestMethod('testConnexion')
#4 {main}
  thrown in /home/baptiste/Documents/M2/TF/m2test2/Source/Vendor/DAO/DAO.php on line 30]]></error>
      <error type="255"><![CDATA[]]></error>
    </testcase>
  </testsuite>
</testsuites>
