<?xml version="1.0" encoding="UTF-8"?>
<testsuites name="atoum testsuite">
  <testsuite name="SubscribersList" package="Vendor\Calendar\test\units" tests="7" failures="0" errors="0" skipped="0" time="0.044886112213135">
    <testcase name="testEmptyInit" time="0.0029230117797852" classname="Vendor\Calendar\test\units\SubscribersList" assertions="0"/>
    <testcase name="testNoSubChoice" time="0.01347017288208" classname="Vendor\Calendar\test\units\SubscribersList" assertions="3"/>
    <testcase name="testAddSubscribers" time="0.004019021987915" classname="Vendor\Calendar\test\units\SubscribersList" assertions="1"/>
    <testcase name="testMultiplePersonChoice" time="0.012284994125366" classname="Vendor\Calendar\test\units\SubscribersList" assertions="2"/>
    <testcase name="testWithUndisponiblePersons" time="0.0045609474182129" classname="Vendor\Calendar\test\units\SubscribersList" assertions="4"/>
    <testcase name="testAddMultipleSubs" time="0.0039329528808594" classname="Vendor\Calendar\test\units\SubscribersList" assertions="2"/>
    <testcase name="testPopulatedChoice" time="0.003695011138916" classname="Vendor\Calendar\test\units\SubscribersList" assertions="2"/>
  </testsuite>
  <testsuite name="DAO" package="DAO\tests\units" tests="4" failures="0" errors="4" skipped="0" time="0">
    <testcase name="testAddPersonne" time="0" classname="DAO\tests\units\DAO" assertions="0">
      <error type="256"><![CDATA[Tested class 'DAO\DAO' does not exist for test class 'DAO\tests\units\DAO']]></error>
    </testcase>
    <testcase name="testUserExistant" time="0" classname="DAO\tests\units\DAO" assertions="0">
      <error type="256"><![CDATA[Tested class 'DAO\DAO' does not exist for test class 'DAO\tests\units\DAO']]></error>
    </testcase>
    <testcase name="testRequestConnexion" time="0" classname="DAO\tests\units\DAO" assertions="0">
      <error type="256"><![CDATA[Tested class 'DAO\DAO' does not exist for test class 'DAO\tests\units\DAO']]></error>
    </testcase>
    <testcase name="testDropTables" time="0" classname="DAO\tests\units\DAO" assertions="0">
      <error type="256"><![CDATA[Tested class 'DAO\DAO' does not exist for test class 'DAO\tests\units\DAO']]></error>
    </testcase>
  </testsuite>
  <testsuite name="Mail" package="Mailing\tests\units" tests="4" failures="0" errors="4" skipped="0" time="0">
    <testcase name="testGetRecipients" time="0" classname="Mailing\tests\units\Mail" assertions="0">
      <error type="256"><![CDATA[Tested class 'Mailing\Mail' does not exist for test class 'Mailing\tests\units\Mail']]></error>
    </testcase>
    <testcase name="testConstruct" time="0" classname="Mailing\tests\units\Mail" assertions="0">
      <error type="256"><![CDATA[Tested class 'Mailing\Mail' does not exist for test class 'Mailing\tests\units\Mail']]></error>
    </testcase>
    <testcase name="testGetSetSubject" time="0" classname="Mailing\tests\units\Mail" assertions="0">
      <error type="256"><![CDATA[Tested class 'Mailing\Mail' does not exist for test class 'Mailing\tests\units\Mail']]></error>
    </testcase>
    <testcase name="testGetSetBody" time="0" classname="Mailing\tests\units\Mail" assertions="0">
      <error type="256"><![CDATA[Tested class 'Mailing\Mail' does not exist for test class 'Mailing\tests\units\Mail']]></error>
    </testcase>
  </testsuite>
  <testsuite name="MailSender" package="Mailing\tests\units" tests="2" failures="0" errors="2" skipped="0" time="0">
    <testcase name="testBadCredentials" time="0" classname="Mailing\tests\units\MailSender" assertions="0">
      <error type="256"><![CDATA[Tested class 'Mailing\MailSender' does not exist for test class 'Mailing\tests\units\MailSender']]></error>
    </testcase>
    <testcase name="testBadSender" time="0" classname="Mailing\tests\units\MailSender" assertions="0">
      <error type="256"><![CDATA[Tested class 'Mailing\MailSender' does not exist for test class 'Mailing\tests\units\MailSender']]></error>
    </testcase>
  </testsuite>
</testsuites>
